<?xml version="1.0" encoding="UTF-8"?>
<!-- Generated by org.testng.reporters.JUnitReportReporter -->
<testsuite hostname="Ash" failures="0" tests="1" name="API_Demos.Guestures" time="14.344" errors="0" timestamp="2022-03-13T16:23:38 IST" skipped="0">
  <testcase classname="API_Demos.Guestures" name="Guestures_Test" time="14.344"/>
  <system-out/>
</testsuite> <!-- API_Demos.Guestures -->
