<?xml version="1.0" encoding="UTF-8"?>
<!-- Generated by org.testng.reporters.JUnitReportReporter -->
<testsuite hostname="Ash" failures="0" tests="1" name="Appium_Pro.Pro.API_Demos.Guestures" time="26.357" errors="0" timestamp="2022-03-13T16:03:47 IST" skipped="0">
  <testcase classname="Appium_Pro.Pro.API_Demos.Guestures" name="Guestures_Test" time="26.357"/>
  <system-out/>
</testsuite> <!-- Appium_Pro.Pro.API_Demos.Guestures -->
