<?xml version="1.0" encoding="UTF-8"?>
<!-- Generated by org.testng.reporters.JUnitReportReporter -->
<testsuite hostname="Ash" failures="0" tests="1" name="General_Store.ECommerce_TC" time="20.552" errors="0" timestamp="2022-03-30T17:40:41 IST" skipped="0">
  <testcase classname="General_Store.ECommerce_TC" name="totalValidation" time="20.552"/>
  <system-out/>
</testsuite> <!-- General_Store.ECommerce_TC -->
