<?xml version="1.0" encoding="UTF-8"?>
<!-- Generated by org.testng.reporters.JUnitReportReporter -->
<testsuite hostname="Ash" failures="0" tests="1" name="General_Store.ECommerce_TC_1" time="45.236" errors="0" timestamp="2022-03-30T18:34:41 IST" skipped="0">
  <testcase classname="General_Store.ECommerce_TC_1" name="totalValidation" time="45.236"/>
  <system-out/>
</testsuite> <!-- General_Store.ECommerce_TC_1 -->
